C:\Program Files\Microsoft Visual Studio\2022\Community\MSBuild\Microsoft\VC\v170\Microsoft.CppBuild.targets(531,5): warning MSB8028: The intermediate directory (x64\Debug\) contains files shared from another project (SpaDomacaZadaca02.vcxproj).  This can lead to incorrect clean and rebuild behavior.
  Source.cpp
C:\Users\dluka\ALGEBRA\SPA\SpaDomacaZadaca03\SpaDomacaZadaca02\Source.cpp(113,46): warning C4244: 'argument': conversion from 'int' to 'float', possible loss of data
C:\Users\dluka\ALGEBRA\SPA\SpaDomacaZadaca03\SpaDomacaZadaca02\Source.cpp(113,32): warning C4244: 'argument': conversion from 'int' to 'float', possible loss of data
C:\Users\dluka\ALGEBRA\SPA\SpaDomacaZadaca03\SpaDomacaZadaca02\Source.cpp(123,61): warning C4244: 'argument': conversion from 'int' to 'float', possible loss of data
C:\Users\dluka\ALGEBRA\SPA\SpaDomacaZadaca03\SpaDomacaZadaca02\Source.cpp(123,39): warning C4244: 'argument': conversion from 'int' to 'float', possible loss of data
C:\Users\dluka\ALGEBRA\SPA\SpaDomacaZadaca03\SpaDomacaZadaca02\Source.cpp(129,49): warning C4244: 'argument': conversion from 'int' to 'float', possible loss of data
C:\Users\dluka\ALGEBRA\SPA\SpaDomacaZadaca03\SpaDomacaZadaca02\Source.cpp(129,31): warning C4244: 'argument': conversion from 'int' to 'float', possible loss of data
sfml-graphics-s-d.lib(Transformable.cpp.obj) : warning LNK4099: PDB '' was not found with 'sfml-graphics-s-d.lib(Transformable.cpp.obj)' or at ''; linking object as if no debug info
sfml-graphics-s-d.lib(Color.cpp.obj) : warning LNK4099: PDB '' was not found with 'sfml-graphics-s-d.lib(Color.cpp.obj)' or at ''; linking object as if no debug info
sfml-graphics-s-d.lib(Shape.cpp.obj) : warning LNK4099: PDB '' was not found with 'sfml-graphics-s-d.lib(Shape.cpp.obj)' or at ''; linking object as if no debug info
sfml-graphics-s-d.lib(RectangleShape.cpp.obj) : warning LNK4099: PDB '' was not found with 'sfml-graphics-s-d.lib(RectangleShape.cpp.obj)' or at ''; linking object as if no debug info
sfml-graphics-s-d.lib(RenderTarget.cpp.obj) : warning LNK4099: PDB '' was not found with 'sfml-graphics-s-d.lib(RenderTarget.cpp.obj)' or at ''; linking object as if no debug info
sfml-graphics-s-d.lib(RenderWindow.cpp.obj) : warning LNK4099: PDB '' was not found with 'sfml-graphics-s-d.lib(RenderWindow.cpp.obj)' or at ''; linking object as if no debug info
sfml-graphics-s-d.lib(RenderStates.cpp.obj) : warning LNK4099: PDB '' was not found with 'sfml-graphics-s-d.lib(RenderStates.cpp.obj)' or at ''; linking object as if no debug info
sfml-graphics-s-d.lib(Transform.cpp.obj) : warning LNK4099: PDB '' was not found with 'sfml-graphics-s-d.lib(Transform.cpp.obj)' or at ''; linking object as if no debug info
sfml-graphics-s-d.lib(VertexArray.cpp.obj) : warning LNK4099: PDB '' was not found with 'sfml-graphics-s-d.lib(VertexArray.cpp.obj)' or at ''; linking object as if no debug info
sfml-graphics-s-d.lib(Texture.cpp.obj) : warning LNK4099: PDB '' was not found with 'sfml-graphics-s-d.lib(Texture.cpp.obj)' or at ''; linking object as if no debug info
sfml-graphics-s-d.lib(View.cpp.obj) : warning LNK4099: PDB '' was not found with 'sfml-graphics-s-d.lib(View.cpp.obj)' or at ''; linking object as if no debug info
sfml-graphics-s-d.lib(BlendMode.cpp.obj) : warning LNK4099: PDB '' was not found with 'sfml-graphics-s-d.lib(BlendMode.cpp.obj)' or at ''; linking object as if no debug info
sfml-graphics-s-d.lib(Vertex.cpp.obj) : warning LNK4099: PDB '' was not found with 'sfml-graphics-s-d.lib(Vertex.cpp.obj)' or at ''; linking object as if no debug info
sfml-graphics-s-d.lib(Shader.cpp.obj) : warning LNK4099: PDB '' was not found with 'sfml-graphics-s-d.lib(Shader.cpp.obj)' or at ''; linking object as if no debug info
sfml-graphics-s-d.lib(VertexBuffer.cpp.obj) : warning LNK4099: PDB '' was not found with 'sfml-graphics-s-d.lib(VertexBuffer.cpp.obj)' or at ''; linking object as if no debug info
sfml-graphics-s-d.lib(GLExtensions.cpp.obj) : warning LNK4099: PDB '' was not found with 'sfml-graphics-s-d.lib(GLExtensions.cpp.obj)' or at ''; linking object as if no debug info
sfml-graphics-s-d.lib(GLCheck.cpp.obj) : warning LNK4099: PDB '' was not found with 'sfml-graphics-s-d.lib(GLCheck.cpp.obj)' or at ''; linking object as if no debug info
sfml-graphics-s-d.lib(GLLoader.cpp.obj) : warning LNK4099: PDB '' was not found with 'sfml-graphics-s-d.lib(GLLoader.cpp.obj)' or at ''; linking object as if no debug info
sfml-graphics-s-d.lib(RenderTextureImplFBO.cpp.obj) : warning LNK4099: PDB '' was not found with 'sfml-graphics-s-d.lib(RenderTextureImplFBO.cpp.obj)' or at ''; linking object as if no debug info
sfml-graphics-s-d.lib(Image.cpp.obj) : warning LNK4099: PDB '' was not found with 'sfml-graphics-s-d.lib(Image.cpp.obj)' or at ''; linking object as if no debug info
sfml-graphics-s-d.lib(TextureSaver.cpp.obj) : warning LNK4099: PDB '' was not found with 'sfml-graphics-s-d.lib(TextureSaver.cpp.obj)' or at ''; linking object as if no debug info
sfml-graphics-s-d.lib(Glsl.cpp.obj) : warning LNK4099: PDB '' was not found with 'sfml-graphics-s-d.lib(Glsl.cpp.obj)' or at ''; linking object as if no debug info
sfml-graphics-s-d.lib(RenderTextureImpl.cpp.obj) : warning LNK4099: PDB '' was not found with 'sfml-graphics-s-d.lib(RenderTextureImpl.cpp.obj)' or at ''; linking object as if no debug info
sfml-graphics-s-d.lib(ImageLoader.cpp.obj) : warning LNK4099: PDB '' was not found with 'sfml-graphics-s-d.lib(ImageLoader.cpp.obj)' or at ''; linking object as if no debug info
sfml-window-s-d.lib(VideoMode.cpp.obj) : warning LNK4099: PDB '' was not found with 'sfml-window-s-d.lib(VideoMode.cpp.obj)' or at ''; linking object as if no debug info
sfml-window-s-d.lib(Window.cpp.obj) : warning LNK4099: PDB '' was not found with 'sfml-window-s-d.lib(Window.cpp.obj)' or at ''; linking object as if no debug info
sfml-window-s-d.lib(Context.cpp.obj) : warning LNK4099: PDB '' was not found with 'sfml-window-s-d.lib(Context.cpp.obj)' or at ''; linking object as if no debug info
sfml-window-s-d.lib(GlResource.cpp.obj) : warning LNK4099: PDB '' was not found with 'sfml-window-s-d.lib(GlResource.cpp.obj)' or at ''; linking object as if no debug info
sfml-window-s-d.lib(VideoModeImpl.cpp.obj) : warning LNK4099: PDB '' was not found with 'sfml-window-s-d.lib(VideoModeImpl.cpp.obj)' or at ''; linking object as if no debug info
sfml-window-s-d.lib(Cursor.cpp.obj) : warning LNK4099: PDB '' was not found with 'sfml-window-s-d.lib(Cursor.cpp.obj)' or at ''; linking object as if no debug info
sfml-window-s-d.lib(GlContext.cpp.obj) : warning LNK4099: PDB '' was not found with 'sfml-window-s-d.lib(GlContext.cpp.obj)' or at ''; linking object as if no debug info
sfml-window-s-d.lib(WindowImpl.cpp.obj) : warning LNK4099: PDB '' was not found with 'sfml-window-s-d.lib(WindowImpl.cpp.obj)' or at ''; linking object as if no debug info
sfml-window-s-d.lib(CursorImpl.cpp.obj) : warning LNK4099: PDB '' was not found with 'sfml-window-s-d.lib(CursorImpl.cpp.obj)' or at ''; linking object as if no debug info
sfml-window-s-d.lib(WglContext.cpp.obj) : warning LNK4099: PDB '' was not found with 'sfml-window-s-d.lib(WglContext.cpp.obj)' or at ''; linking object as if no debug info
sfml-window-s-d.lib(JoystickManager.cpp.obj) : warning LNK4099: PDB '' was not found with 'sfml-window-s-d.lib(JoystickManager.cpp.obj)' or at ''; linking object as if no debug info
sfml-window-s-d.lib(SensorManager.cpp.obj) : warning LNK4099: PDB '' was not found with 'sfml-window-s-d.lib(SensorManager.cpp.obj)' or at ''; linking object as if no debug info
sfml-window-s-d.lib(WindowImplWin32.cpp.obj) : warning LNK4099: PDB '' was not found with 'sfml-window-s-d.lib(WindowImplWin32.cpp.obj)' or at ''; linking object as if no debug info
sfml-window-s-d.lib(WglExtensions.cpp.obj) : warning LNK4099: PDB '' was not found with 'sfml-window-s-d.lib(WglExtensions.cpp.obj)' or at ''; linking object as if no debug info
sfml-window-s-d.lib(Joystick.cpp.obj) : warning LNK4099: PDB '' was not found with 'sfml-window-s-d.lib(Joystick.cpp.obj)' or at ''; linking object as if no debug info
sfml-window-s-d.lib(JoystickImpl.cpp.obj) : warning LNK4099: PDB '' was not found with 'sfml-window-s-d.lib(JoystickImpl.cpp.obj)' or at ''; linking object as if no debug info
sfml-window-s-d.lib(SensorImpl.cpp.obj) : warning LNK4099: PDB '' was not found with 'sfml-window-s-d.lib(SensorImpl.cpp.obj)' or at ''; linking object as if no debug info
sfml-system-s-d.lib(Time.cpp.obj) : warning LNK4099: PDB '' was not found with 'sfml-system-s-d.lib(Time.cpp.obj)' or at ''; linking object as if no debug info
sfml-system-s-d.lib(Sleep.cpp.obj) : warning LNK4099: PDB '' was not found with 'sfml-system-s-d.lib(Sleep.cpp.obj)' or at ''; linking object as if no debug info
sfml-system-s-d.lib(String.cpp.obj) : warning LNK4099: PDB '' was not found with 'sfml-system-s-d.lib(String.cpp.obj)' or at ''; linking object as if no debug info
sfml-system-s-d.lib(Mutex.cpp.obj) : warning LNK4099: PDB '' was not found with 'sfml-system-s-d.lib(Mutex.cpp.obj)' or at ''; linking object as if no debug info
sfml-system-s-d.lib(Lock.cpp.obj) : warning LNK4099: PDB '' was not found with 'sfml-system-s-d.lib(Lock.cpp.obj)' or at ''; linking object as if no debug info
sfml-system-s-d.lib(Err.cpp.obj) : warning LNK4099: PDB '' was not found with 'sfml-system-s-d.lib(Err.cpp.obj)' or at ''; linking object as if no debug info
sfml-system-s-d.lib(Clock.cpp.obj) : warning LNK4099: PDB '' was not found with 'sfml-system-s-d.lib(Clock.cpp.obj)' or at ''; linking object as if no debug info
sfml-system-s-d.lib(ThreadLocal.cpp.obj) : warning LNK4099: PDB '' was not found with 'sfml-system-s-d.lib(ThreadLocal.cpp.obj)' or at ''; linking object as if no debug info
sfml-system-s-d.lib(SleepImpl.cpp.obj) : warning LNK4099: PDB '' was not found with 'sfml-system-s-d.lib(SleepImpl.cpp.obj)' or at ''; linking object as if no debug info
sfml-system-s-d.lib(MutexImpl.cpp.obj) : warning LNK4099: PDB '' was not found with 'sfml-system-s-d.lib(MutexImpl.cpp.obj)' or at ''; linking object as if no debug info
sfml-system-s-d.lib(ClockImpl.cpp.obj) : warning LNK4099: PDB '' was not found with 'sfml-system-s-d.lib(ClockImpl.cpp.obj)' or at ''; linking object as if no debug info
sfml-system-s-d.lib(ThreadLocalImpl.cpp.obj) : warning LNK4099: PDB '' was not found with 'sfml-system-s-d.lib(ThreadLocalImpl.cpp.obj)' or at ''; linking object as if no debug info
  SpaDomacaZadaca02.vcxproj -> C:\Users\dluka\ALGEBRA\SPA\SpaDomacaZadaca03\x64\Debug\Zad01.exe
